<?xml version="1.0" encoding="UTF-8"?>
<testng-results skipped="0" failed="0" total="1" passed="1">
  <reporter-output>
  </reporter-output>
  <suite name="Default suite" duration-ms="198838" started-at="2020-08-14T08:19:38Z" finished-at="2020-08-14T08:22:57Z">
    <groups>
    </groups>
    <test name="Default test" duration-ms="198838" started-at="2020-08-14T08:19:38Z" finished-at="2020-08-14T08:22:57Z">
      <class name="com.qa.tests.testCase1">
        <test-method status="PASS" signature="setUp()[pri:0, instance:com.qa.tests.testCase1@384ad17b]" name="setUp" is-config="true" duration-ms="9" started-at="2020-08-14T16:19:38Z" finished-at="2020-08-14T16:19:38Z">
          <reporter-output>
          </reporter-output>
        </test-method> <!-- setUp -->
        <test-method status="PASS" signature="loginOut()[pri:0, instance:com.qa.tests.testCase1@384ad17b]" name="loginOut" duration-ms="198808" started-at="2020-08-14T16:19:38Z" finished-at="2020-08-14T16:22:57Z">
          <reporter-output>
          </reporter-output>
        </test-method> <!-- loginOut -->
      </class> <!-- com.qa.tests.testCase1 -->
    </test> <!-- Default test -->
  </suite> <!-- Default suite -->
</testng-results>
